2020-06-21 10:21:01,084 [5] DEBUG API.Controllers.AuthentificationController - RegisterUser()-Method was called.
2020-06-21 10:21:01,096 [5] DEBUG SharedRessources.DataAccess.Authentification.AuthentificationService - Attempting to register user.
2020-06-21 10:21:02,844 [5] ERROR SharedRessources.DataAccess.Authentification.AuthentificationService - Unable to save user object to database. 
2020-06-21 10:21:02,850 [5] ERROR API.Controllers.AuthentificationController - Unable to register user.
2020-06-21 10:24:27,667 [5] DEBUG API.Controllers.AuthentificationController - RegisterUser()-Method was called.
2020-06-21 10:24:27,678 [5] DEBUG SharedRessources.DataAccess.Authentification.AuthentificationService - Attempting to register user.
2020-06-21 10:24:28,805 [5] ERROR SharedRessources.DataAccess.Authentification.AuthentificationService - Unable to save user object to database. 
2020-06-21 10:24:28,812 [5] ERROR API.Controllers.AuthentificationController - Unable to register user.
2020-06-21 10:25:42,748 [5] DEBUG API.Controllers.AuthentificationController - RegisterUser()-Method was called.
2020-06-21 10:25:42,759 [5] DEBUG SharedRessources.DataAccess.Authentification.AuthentificationService - Attempting to register user.
2020-06-21 10:25:43,817 [5] ERROR SharedRessources.DataAccess.Authentification.AuthentificationService - Unable to save user object to database. 
2020-06-21 10:25:43,825 [5] ERROR API.Controllers.AuthentificationController - Unable to register user.
2020-06-21 10:28:15,513 [5] DEBUG API.Controllers.AuthentificationController - RegisterUser()-Method was called.
2020-06-21 10:28:15,529 [5] DEBUG SharedRessources.DataAccess.Authentification.AuthentificationService - Attempting to register user.
2020-06-21 10:28:17,228 [5] ERROR SharedRessources.DataAccess.Authentification.AuthentificationService - Unable to save user object to database. 
2020-06-21 10:28:17,236 [5] ERROR API.Controllers.AuthentificationController - Unable to register user.
2020-06-21 10:29:00,964 [4] DEBUG API.Controllers.AuthentificationController - RegisterUser()-Method was called.
2020-06-21 10:29:00,964 [4] DEBUG SharedRessources.DataAccess.Authentification.AuthentificationService - Attempting to register user.
2020-06-21 10:31:43,292 [8] DEBUG API.Controllers.AuthentificationController - RegisterUser()-Method was called.
2020-06-21 10:31:43,304 [8] DEBUG SharedRessources.DataAccess.Authentification.AuthentificationService - Attempting to register user.
2020-06-21 10:31:44,369 [8] DEBUG API.Controllers.AuthentificationController - User was registered successfully!
